<?xml version="1.0" encoding="UTF-8"?>
<testng-results skipped="0" failed="0" ignored="0" total="1" passed="1">
  <reporter-output>
  </reporter-output>
  <suite name="Suite" duration-ms="14669" started-at="2022-06-21T11:53:45 IST" finished-at="2022-06-21T11:54:00 IST">
    <groups>
      <group name="cucumber">
        <method signature="AbstractTestNGCucumberTests.runScenario(io.cucumber.testng.PickleWrapper,io.cucumber.testng.FeatureWrapper)[pri:0, instance:org.testRunners.TestRunnerWithTestNG@3444d69d]" name="runScenario" class="io.cucumber.testng.AbstractTestNGCucumberTests"/>
      </group> <!-- cucumber -->
    </groups>
    <test name="Test" duration-ms="14669" started-at="2022-06-21T11:53:45 IST" finished-at="2022-06-21T11:54:00 IST">
      <class name="org.testRunners.TestRunnerWithTestNG">
        <test-method status="PASS" signature="setUpClass(org.testng.ITestContext)[pri:0, instance:org.testRunners.TestRunnerWithTestNG@3444d69d]" name="setUpClass" is-config="true" duration-ms="971" started-at="2022-06-21T11:53:45 IST" finished-at="2022-06-21T11:53:46 IST">
          <params>
            <param index="0">
              <value>
                <![CDATA[org.testng.TestRunner@1b1f5012]]>
              </value>
            </param>
          </params>
          <reporter-output>
          </reporter-output>
        </test-method> <!-- setUpClass -->
        <test-method status="PASS" signature="runScenario(io.cucumber.testng.PickleWrapper,io.cucumber.testng.FeatureWrapper)[pri:0, instance:org.testRunners.TestRunnerWithTestNG@3444d69d]" name="runScenario" duration-ms="13106" started-at="2022-06-21T11:53:46 IST" description="Runs Cucumber Scenarios" data-provider="scenarios" finished-at="2022-06-21T11:53:59 IST">
          <params>
            <param index="0">
              <value>
                <![CDATA["Validate login"]]>
              </value>
            </param>
            <param index="1">
              <value>
                <![CDATA["Optional[Login page Feature]"]]>
              </value>
            </param>
          </params>
          <reporter-output>
          </reporter-output>
        </test-method> <!-- runScenario -->
        <test-method status="PASS" signature="tearDownClass()[pri:0, instance:org.testRunners.TestRunnerWithTestNG@3444d69d]" name="tearDownClass" is-config="true" duration-ms="485" started-at="2022-06-21T11:54:00 IST" finished-at="2022-06-21T11:54:00 IST">
          <reporter-output>
          </reporter-output>
        </test-method> <!-- tearDownClass -->
      </class> <!-- org.testRunners.TestRunnerWithTestNG -->
    </test> <!-- Test -->
  </suite> <!-- Suite -->
</testng-results>
